Flutter crash report.
Please report a bug at https://github.com/flutter/flutter/issues.

## command

flutter run --machine --start-paused -d chrome --devtools-server-address http://127.0.0.1:9100/ --target /Users/genexisstudio/Projects/foxena/package_plugins/girix_shape/examples/lib/main.dart

## exception

HttpException: HttpException: Connection closed before full header was received, uri = http://localhost:52951/json

```
```

## flutter doctor

```
[✓] Flutter (Channel stable, 3.24.1, on macOS 14.0 23A344 darwin-arm64, locale en-IN)
    • Flutter version 3.24.1 on channel stable at /Users/genexisstudio/Applications/sdk/flutter
    • Upstream repository https://github.com/flutter/flutter.git
    • Framework revision 5874a72aa4 (9 weeks ago), 2024-08-20 16:46:00 -0500
    • Engine revision c9b9d5780d
    • Dart version 3.5.1
    • DevTools version 2.37.2

[!] Android toolchain - develop for Android devices (Android SDK version 34.0.0)
    • Android SDK at /Users/genexisstudio/Library/Android/sdk
    • Platform android-34, build-tools 34.0.0
    • ANDROID_HOME = /Users/genexisstudio/Library/Android/sdk
    • Java binary at: /Applications/Android Studio.app/Contents/jbr/Contents/Home/bin/java
    • Java version OpenJDK Runtime Environment (build 17.0.9+0-17.0.9b1087.7-11185874)
    ! Some Android licenses not accepted. To resolve this, run: flutter doctor --android-licenses

[✓] Xcode - develop for iOS and macOS (Xcode 15.4)
    • Xcode at /Applications/Xcode.app/Contents/Developer
    • Build 15F31d
    • CocoaPods version 1.15.0

[✓] Chrome - develop for the web
    • Chrome at /Applications/Google Chrome.app/Contents/MacOS/Google Chrome

[✓] Android Studio (version 2023.2)
    • Android Studio at /Applications/Android Studio.app/Contents
    • Flutter plugin can be installed from:
      🔨 https://plugins.jetbrains.com/plugin/9212-flutter
    • Dart plugin can be installed from:
      🔨 https://plugins.jetbrains.com/plugin/6351-dart
    • Java version OpenJDK Runtime Environment (build 17.0.9+0-17.0.9b1087.7-11185874)

[✓] VS Code (version 1.94.2)
    • VS Code at /Applications/Visual Studio Code.app/Contents
    • Flutter extension version 3.98.0

[✓] Connected device (4 available)
    • SM S918B (mobile)               • RZCW92B04YM           • android-arm64  • Android 14 (API 34)
    • macOS (desktop)                 • macos                 • darwin-arm64   • macOS 14.0 23A344 darwin-arm64
    • Mac Designed for iPad (desktop) • mac-designed-for-ipad • darwin         • macOS 14.0 23A344 darwin-arm64
    • Chrome (web)                    • chrome                • web-javascript • Google Chrome 129.0.6668.101
    ! Error: Browsing on the local area network for MJ PHONE. Ensure the device is unlocked and attached with a cable or associated with the same local area network as this Mac.
      The device must be opted into Developer Mode to connect wirelessly. (code -27)
    ! Error: Browsing on the local area network for Amal kvs. Ensure the device is unlocked and attached with a cable or associated with the same local area network as this Mac.
      The device must be opted into Developer Mode to connect wirelessly. (code -27)
    ! Error: Browsing on the local area network for Karthik’s iPhone. Ensure the device is unlocked and attached with a cable or associated with the same local area network as this Mac.
      The device must be opted into Developer Mode to connect wirelessly. (code -27)
    ! Error: Browsing on the local area network for iPhone test 13 pro max. Ensure the device is unlocked and attached with a cable or associated with the same local area network as this Mac.
      The device must be opted into Developer Mode to connect wirelessly. (code -27)

[✓] Network resources
    • All expected network resources are available.

! Doctor found issues in 1 category.
```
